Getting links from: http://localhost:3001/
├───OK─── http://localhost:3001/_next/image?url=%2F_next%2Fstatic%2Fmedia%2Flogo.0wfkyshjq6kg7.png&w=3840&q=75
├───OK─── http://localhost:3001/about
├───OK─── http://localhost:3001/projects
├───OK─── http://localhost:3001/why-bhuwanta
├───OK─── http://localhost:3001/gallery
├───OK─── http://localhost:3001/blog
├───OK─── https://cdn.sanity.io/images/dx02e75g/production/b3f6843bba9dee7eb8d141c43cd8b0d908f41362-4500x2892.jpg?w=3840&q=75&auto=format
├───OK─── https://cdn.sanity.io/images/dx02e75g/production/60fcea58e657424e4e3e1922f9c565c1fc10e49c-1195x896.jpg?w=3840&q=75&auto=format
├───OK─── https://cdn.sanity.io/images/dx02e75g/production/00d69e6155628ed76ea5822c9795410a46aae2dd-1280x698.jpg?w=3840&q=75&auto=format
├───OK─── https://cdn.sanity.io/images/dx02e75g/production/9d8884d2087ef82c598dba578aaef112cddffb32-1280x960.jpg?auto=format&w=3840&q=80
├─BROKEN─ http://localhost:3001/_next/image?url=https%3A%2F%2Fimages.unsplash.com%2Fphoto-1512917774080-9991f1c4c750%3Fauto%3Dformat%26fit%3Dcrop%26w%3D800%26q%3D80&w=3840&q=75 (HTTP_400)
├───OK─── https://cdn.sanity.io/images/dx02e75g/production/8a575c95336bba556b69f308f02c3774473df2fb-1071x1428.jpg?auto=format&w=3840&q=80
├─BROKEN─ http://localhost:3001/_next/image?url=https%3A%2F%2Fcdn.sanity.io%2Fimages%2Fdx02e75g%2Fproduction%2F9d8884d2087ef82c598dba578aaef112cddffb32-1280x960.jpg%3Fw%3D800%26q%3D75%26auto%3Dformat&w=3840&q=75 (HTTP_400)
├─BROKEN─ http://localhost:3001/_next/image?url=https%3A%2F%2Fcdn.sanity.io%2Fimages%2Fdx02e75g%2Fproduction%2F8a575c95336bba556b69f308f02c3774473df2fb-1071x1428.jpg%3Fw%3D800%26q%3D75%26auto%3Dformat&w=3840&q=75 (HTTP_400)
├───OK─── https://maps.app.goo.gl/USjC2iYeGiXbZ5U16
├───OK─── http://localhost:3001/privacy-policy
Finished! 76 links found. 60 excluded. 3 broken.

Getting links from: http://localhost:3001/about
Finished! 60 links found. 60 excluded. 0 broken.

Getting links from: http://localhost:3001/projects
├───OK─── https://cdn.sanity.io/files/dx02e75g/production/5f4b9f3a325d28fcb6e152e25050f0babe85f2bc.mp4
├───OK─── http://localhost:3001/projects/s-v-kanaka-maple-homes
├───OK─── https://cdn.sanity.io/files/dx02e75g/production/c7b582a1e19c971c5769cce0ccb8917c72e22f59.mp4
├───OK─── http://localhost:3001/projects/tjr-township
├───OK─── https://cdn.sanity.io/files/dx02e75g/production/fc7664c3cb8ab2ae548dd5030a66886656254837.mp4
├───OK─── http://localhost:3001/projects/vaibhav-county
├───OK─── https://cdn.sanity.io/files/dx02e75g/production/15bc0b386fa37e3a700c1c5f55e661b1de035a59.mp4
├───OK─── http://localhost:3001/projects/vian-vally
Finished! 76 links found. 68 excluded. 0 broken.

Getting links from: http://localhost:3001/why-bhuwanta
├───OK─── http://localhost:3001/blog/verify-hmda-dtcp-approval-telangana
├───OK─── http://localhost:3001/projects/sv-kanaka-maple-homes
├───OK─── https://wa.me/919666504405?text=Hi%20Bhuwanta%2C%20I%27m%20interested%20in%20investor%20pricing%20for%20learning%20more%20about%20why%20Bhuwanta%20is%20a%20trusted%20developer%20in%20Telangana.%20Please%20share%20details.
Finished! 67 links found. 64 excluded. 0 broken.

Getting links from: http://localhost:3001/gallery
├─BROKEN─ http://localhost:3001/_next/image?url=https%3A%2F%2Fcdn.sanity.io%2Fimages%2Fdx02e75g%2Fproduction%2F9d8884d2087ef82c598dba578aaef112cddffb32-1280x960.jpg&w=3840&q=75 (HTTP_400)
├─BROKEN─ http://localhost:3001/_next/image?url=https%3A%2F%2Fcdn.sanity.io%2Fimages%2Fdx02e75g%2Fproduction%2Fc8cfbc49142bf13c9ea71d9bf0a9bb5eda11e8d3-1280x960.jpg&w=3840&q=75 (HTTP_400)
├─BROKEN─ http://localhost:3001/_next/image?url=https%3A%2F%2Fcdn.sanity.io%2Fimages%2Fdx02e75g%2Fproduction%2F0fd45417e8ab833a585f5db09d0a7e5e4f20a02c-1280x960.jpg&w=3840&q=75 (HTTP_400)
├─BROKEN─ http://localhost:3001/_next/image?url=https%3A%2F%2Fcdn.sanity.io%2Fimages%2Fdx02e75g%2Fproduction%2Fbac5c326e0d642b458d2afb7980a21e09c5f57ae-1280x960.jpg&w=3840&q=75 (HTTP_400)
├─BROKEN─ http://localhost:3001/_next/image?url=https%3A%2F%2Fcdn.sanity.io%2Fimages%2Fdx02e75g%2Fproduction%2F9d8884d2087ef82c598dba578aaef112cddffb32-1280x960.jpg&w=3840&q=75 (HTTP_400)
├─BROKEN─ http://localhost:3001/_next/image?url=https%3A%2F%2Fcdn.sanity.io%2Fimages%2Fdx02e75g%2Fproduction%2Fc8cfbc49142bf13c9ea71d9bf0a9bb5eda11e8d3-1280x960.jpg&w=3840&q=75 (HTTP_400)
├─BROKEN─ http://localhost:3001/_next/image?url=https%3A%2F%2Fcdn.sanity.io%2Fimages%2Fdx02e75g%2Fproduction%2F0fd45417e8ab833a585f5db09d0a7e5e4f20a02c-1280x960.jpg&w=3840&q=75 (HTTP_400)
├─BROKEN─ http://localhost:3001/_next/image?url=https%3A%2F%2Fcdn.sanity.io%2Fimages%2Fdx02e75g%2Fproduction%2Fbac5c326e0d642b458d2afb7980a21e09c5f57ae-1280x960.jpg&w=3840&q=75 (HTTP_400)
├─BROKEN─ http://localhost:3001/_next/image?url=https%3A%2F%2Fcdn.sanity.io%2Fimages%2Fdx02e75g%2Fproduction%2F8a575c95336bba556b69f308f02c3774473df2fb-1071x1428.jpg&w=3840&q=75 (HTTP_400)
├─BROKEN─ http://localhost:3001/_next/image?url=https%3A%2F%2Fcdn.sanity.io%2Fimages%2Fdx02e75g%2Fproduction%2Fc544816a349c884ae6a0ad21010e669acd6e1651-1071x1428.jpg&w=3840&q=75 (HTTP_400)
├─BROKEN─ http://localhost:3001/_next/image?url=https%3A%2F%2Fcdn.sanity.io%2Fimages%2Fdx02e75g%2Fproduction%2F96bc703513564e62d6bf4e67ab70d2d00f5f75d8-1071x1428.jpg&w=3840&q=75 (HTTP_400)
├─BROKEN─ http://localhost:3001/_next/image?url=https%3A%2F%2Fcdn.sanity.io%2Fimages%2Fdx02e75g%2Fproduction%2Fb9684f2a18a059ff38c4b66ae2f07ae2d94c2b0a-1071x1428.jpg&w=3840&q=75 (HTTP_400)
├─BROKEN─ http://localhost:3001/_next/image?url=https%3A%2F%2Fcdn.sanity.io%2Fimages%2Fdx02e75g%2Fproduction%2F8a575c95336bba556b69f308f02c3774473df2fb-1071x1428.jpg&w=3840&q=75 (HTTP_400)
├─BROKEN─ http://localhost:3001/_next/image?url=https%3A%2F%2Fcdn.sanity.io%2Fimages%2Fdx02e75g%2Fproduction%2Fc544816a349c884ae6a0ad21010e669acd6e1651-1071x1428.jpg&w=3840&q=75 (HTTP_400)
├─BROKEN─ http://localhost:3001/_next/image?url=https%3A%2F%2Fcdn.sanity.io%2Fimages%2Fdx02e75g%2Fproduction%2F96bc703513564e62d6bf4e67ab70d2d00f5f75d8-1071x1428.jpg&w=3840&q=75 (HTTP_400)
├─BROKEN─ http://localhost:3001/_next/image?url=https%3A%2F%2Fcdn.sanity.io%2Fimages%2Fdx02e75g%2Fproduction%2Fb9684f2a18a059ff38c4b66ae2f07ae2d94c2b0a-1071x1428.jpg&w=3840&q=75 (HTTP_400)
Finished! 77 links found. 61 excluded. 16 broken.

Getting links from: http://localhost:3001/blog
├───OK─── http://localhost:3001/blog/nh44-growth-corridor-investment-map
├───OK─── http://localhost:3001/blog/hyderabad-plot-buyer-legal-checklist
├───OK─── http://localhost:3001/blog/hmda-vs-dtcp-plots-hyderabad
├───OK─── http://localhost:3001/blog/regional-ring-road-telangana-growth-areas
├───OK─── http://localhost:3001/blog/best-real-estate-investment-telangana-andhra-pradesh
├───OK─── http://localhost:3001/blog/nri-guide-uk-open-plots-hyderabad
├───OK─── http://localhost:3001/blog/dtcp-vs-hmda-plots-shadnagar-buyer-guide
├───OK─── http://localhost:3001/blog/open-plots-shadnagar-growth-story-2026
├───OK─── http://localhost:3001/blog/open-plots-shabad-hyderabad-hmda-approved-guide
├───OK─── http://localhost:3001/blog/shabad-vs-shadnagar-investment-comparison
├───OK─── http://localhost:3001/blog/hyderabad-real-estate-investment-2026-best-areas-open-plots
├─BROKEN─ http://localhost:3001/_next/image?url=https%3A%2F%2Fcdn.sanity.io%2Fimages%2Fdx02e75g%2Fproduction%2F7f4f7042c7ffb08b9cbf6afa7030588af7792fa2-2876x1608.png&w=3840&q=75 (HTTP_400)
Finished! 85 links found. 73 excluded. 1 broken.

Getting links from: http://localhost:3001/privacy-policy
Finished! 61 links found. 61 excluded. 0 broken.

Getting links from: http://localhost:3001/projects/s-v-kanaka-maple-homes
├───OK─── https://wa.me/919666504405?text=Hi%20Bhuwanta%2C%20I%27m%20interested%20in%20investor%20pricing%20for%20S.V.KANAKA%20MAPLE%20HOMES%20.%20Please%20share%20details.
├───OK─── https://maps.app.goo.gl/44NdqNmcNEPn3e1q9
Finished! 69 links found. 67 excluded. 0 broken.

Getting links from: http://localhost:3001/projects/tjr-township
├───OK─── https://wa.me/919666504405?text=Hi%20Bhuwanta%2C%20I%27m%20interested%20in%20investor%20pricing%20for%20TJR%20Township.%20Please%20share%20details.
├───OK─── https://maps.app.goo.gl/cb3cxGViRk7PY2Nk6
├───OK─── https://cdn.sanity.io/files/dx02e75g/production/140f3cf461658ce157c1e84acbe3e85bd7e553fe.pdf
├─BROKEN─ http://localhost:3001/hmda-vs-dtcp-plots-hyderabad (HTTP_404)
Finished! 73 links found. 69 excluded. 1 broken.

Getting links from: http://localhost:3001/projects/vaibhav-county
├───OK─── https://wa.me/919666504405?text=Hi%20Bhuwanta%2C%20I%27m%20interested%20in%20investor%20pricing%20for%20Vaibhav%20County.%20Please%20share%20details.
├───OK─── https://maps.app.goo.gl/JNEip4dr8Kpza1tP9
├─BROKEN─ http://localhost:3001/hmda-vs-dtcp-plots-hyderabad (HTTP_404)
Finished! 72 links found. 69 excluded. 1 broken.

Getting links from: http://localhost:3001/projects/vian-vally
├───OK─── https://wa.me/919666504405?text=Hi%20Bhuwanta%2C%20I%27m%20interested%20in%20investor%20pricing%20for%20Vian%20Vally.%20Please%20share%20details.
├───OK─── https://maps.app.goo.gl/PxP6owF57ouPdg966
├───OK─── https://cdn.sanity.io/files/dx02e75g/production/6d3ce72a5798866bbaefe6b186cd78e0e5f69e2d.pdf
├───OK─── http://localhost:3001/shabad-open-plots
Finished! 74 links found. 70 excluded. 0 broken.

Getting links from: http://localhost:3001/blog/verify-hmda-dtcp-approval-telangana
├───OK─── https://wa.me/919666504405?text=Hi%20Bhuwanta%2C%20I%27m%20interested%20in%20investor%20pricing%20for%20verifying%20a%20plot%27s%20HMDA%2FDTCP%20approval%20before%20buying.%20Please%20share%20details.
├─BROKEN─ https://twitter.com/intent/tweet?url=http%3A%2F%2Flocalhost%3A3000%2Fblog%2Fverify-hmda-dtcp-approval-telangana&text=How%20to%20Verify%20HMDA%2FDTCP%20Approval%20in%20Telangana%3A%20Step-by-Step%20(2026) (HTTP_403)
Finished! 69 links found. 67 excluded. 1 broken.

Getting links from: http://localhost:3001/projects/sv-kanaka-maple-homes
├───OK─── https://wa.me/919666504405?text=Hi%20Bhuwanta%2C%20I%27m%20interested%20in%20investor%20pricing%20for%20S.V.%20Kanaka%20Maple%20Homes.%20Please%20share%20details.
├───OK─── https://cdn.sanity.io/files/dx02e75g/production/52ccd5da38651bf7f86fadf5aa76277f958295b1.pdf
├─BROKEN─ http://localhost:3001/hmda-vs-dtcp-plots-hyderabad (HTTP_404)
Finished! 72 links found. 69 excluded. 1 broken.

Getting links from: http://localhost:3001/blog/nh44-growth-corridor-investment-map
├─BROKEN─ https://twitter.com/intent/tweet?url=http%3A%2F%2Flocalhost%3A3000%2Fblog%2Fnh44-growth-corridor-investment-map&text=Key%20towns%2C%20infrastructure%20drivers%2C%20and%20where%20Bhuwanta%20has%20verified%20inventory%20today (HTTP_403)
Finished! 64 links found. 63 excluded. 1 broken.

Getting links from: http://localhost:3001/blog/hyderabad-plot-buyer-legal-checklist
├─BROKEN─ https://twitter.com/intent/tweet?url=http%3A%2F%2Flocalhost%3A3000%2Fblog%2Fhyderabad-plot-buyer-legal-checklist&text=The%208-step%20verification%20process%20every%20serious%20buyer%20should%20follow%20before%20purchasing%20an%20open%20plot%20in%20Hyderabad (HTTP_403)
Finished! 64 links found. 63 excluded. 1 broken.

Getting links from: http://localhost:3001/blog/hmda-vs-dtcp-plots-hyderabad
├─BROKEN─ https://twitter.com/intent/tweet?url=http%3A%2F%2Flocalhost%3A3000%2Fblog%2Fhmda-vs-dtcp-plots-hyderabad&text=A%20complete%202026%20comparison%20to%20help%20you%20choose%20the%20right%20plot%20for%20your%20investment%20goals (HTTP_403)
Finished! 64 links found. 63 excluded. 1 broken.

Getting links from: http://localhost:3001/blog/regional-ring-road-telangana-growth-areas
├───OK─── https://wa.me/919666504405?text=Hi%20Bhuwanta%2C%20I%27m%20interested%20in%20investor%20pricing%20for%20the%20Regional%20Ring%20Road%20and%20TJR%20Township%20in%20Sangareddy.%20Please%20share%20details.
├─BROKEN─ https://twitter.com/intent/tweet?url=http%3A%2F%2Flocalhost%3A3000%2Fblog%2Fregional-ring-road-telangana-growth-areas&text=Regional%20Ring%20Road%20(RRR)%3A%20Which%20Areas%20in%20Telangana%20Will%20Benefit%20Most%3F (HTTP_403)
Finished! 69 links found. 67 excluded. 1 broken.

Getting links from: http://localhost:3001/blog/best-real-estate-investment-telangana-andhra-pradesh
├─BROKEN─ http://localhost:3001/contact (HTTP_404)
├───OK─── https://wa.me/919666504405?text=Hi%20Bhuwanta%2C%20I%27m%20interested%20in%20investor%20pricing%20for%20the%20best%20real%20estate%20investment%20options%20across%20Bhuwanta%27s%20Telangana%20projects.%20Please%20share%20details.
├─BROKEN─ https://twitter.com/intent/tweet?url=http%3A%2F%2Flocalhost%3A3000%2Fblog%2Fbest-real-estate-investment-telangana-andhra-pradesh&text=Best%20Real%20Estate%20Investment%20Options%20in%20Telangana%20%26%20Andhra%20Pradesh%3A%202026%20Guide (HTTP_403)
Finished! 75 links found. 72 excluded. 2 broken.

Getting links from: http://localhost:3001/blog/nri-guide-uk-open-plots-hyderabad
├─BROKEN─ http://localhost:3001/contact (HTTP_404)
├───OK─── https://wa.me/919666504405?text=Hi%20Bhuwanta%2C%20I%27m%20interested%20in%20investor%20pricing%20for%20buying%20an%20open%20plot%20in%20Hyderabad%20as%20a%20UK-based%20NRI.%20Please%20share%20details.
├─BROKEN─ https://twitter.com/intent/tweet?url=http%3A%2F%2Flocalhost%3A3000%2Fblog%2Fnri-guide-uk-open-plots-hyderabad&text=Buying%20Open%20Plots%20in%20Hyderabad%20from%20the%20UK%3A%20Complete%20NRI%20Guide%202026 (HTTP_403)
Finished! 73 links found. 70 excluded. 2 broken.

Getting links from: http://localhost:3001/blog/dtcp-vs-hmda-plots-shadnagar-buyer-guide
├───OK─── http://localhost:3001/shadnagar-open-plots
├───OK─── https://wa.me/919666504405?text=Hi%20Bhuwanta%2C%20I%27m%20interested%20in%20investor%20pricing%20for%20plots%20near%20Shadnagar%20and%20Vian%20Vally%20in%20Shabad.%20Please%20share%20details.
├─BROKEN─ https://twitter.com/intent/tweet?url=http%3A%2F%2Flocalhost%3A3000%2Fblog%2Fdtcp-vs-hmda-plots-shadnagar-buyer-guide&text=DTCP%20vs%20HMDA%20Approved%20Plots%20in%20Shadnagar%3A%20Complete%20Buyer%27s%20Guide%20(2026) (HTTP_403)
Finished! 73 links found. 70 excluded. 1 broken.

Getting links from: http://localhost:3001/blog/open-plots-shadnagar-growth-story-2026
├─BROKEN─ https://twitter.com/intent/tweet?url=http%3A%2F%2Flocalhost%3A3000%2Fblog%2Fopen-plots-shadnagar-growth-story-2026&text=Open%20Plots%20for%20Sale%20in%20Shadnagar%3A%20What%27s%20Driving%20the%202026%20Growth%20Story (HTTP_403)
Finished! 71 links found. 70 excluded. 1 broken.

Getting links from: http://localhost:3001/blog/open-plots-shabad-hyderabad-hmda-approved-guide
├───OK─── https://wa.me/919666504405?text=Hi%20Bhuwanta%2C%20I%27m%20interested%20in%20investor%20pricing%20for%20Vian%20Vally%20in%20Shabad.%20Please%20share%20details.
├─BROKEN─ https://twitter.com/intent/tweet?url=http%3A%2F%2Flocalhost%3A3000%2Fblog%2Fopen-plots-shabad-hyderabad-hmda-approved-guide&text=Open%20Plots%20in%20Shabad%2C%20Hyderabad%3A%20HMDA%20Approved%20Plots%20Near%20Bangalore%20Highway%20(2026%20Guide) (HTTP_403)
Finished! 72 links found. 70 excluded. 1 broken.

Getting links from: http://localhost:3001/blog/shabad-vs-shadnagar-investment-comparison
├─BROKEN─ https://twitter.com/intent/tweet?url=http%3A%2F%2Flocalhost%3A3000%2Fblog%2Fshabad-vs-shadnagar-investment-comparison&text=Shabad%20vs%20Shadnagar%3A%20Which%20Growth%20Corridor%20Should%20You%20Invest%20In%3F (HTTP_403)
Finished! 72 links found. 71 excluded. 1 broken.

Getting links from: http://localhost:3001/blog/hyderabad-real-estate-investment-2026-best-areas-open-plots
├─BROKEN─ http://localhost:3001/_next/image?url=https%3A%2F%2Fcdn.sanity.io%2Fimages%2Fdx02e75g%2Fproduction%2F7f4f7042c7ffb08b9cbf6afa7030588af7792fa2-2876x1608.png&w=3840&q=75 (HTTP_400)
├─BROKEN─ https://twitter.com/intent/tweet?url=http%3A%2F%2Flocalhost%3A3000%2Fblog%2Fhyderabad-real-estate-investment-2026-best-areas-open-plots&text=Hyderabad%20Real%20Estate%20Investment%202026%3A%20Best%20Areas%20%26%20Open%20Plot%20Trends (HTTP_403)
Finished! 65 links found. 63 excluded. 2 broken.

Getting links from: http://localhost:3001/shabad-open-plots
├───OK─── https://wa.me/919666504405?text=Hi%20Bhuwanta%2C%20I%20would%20like%20to%20know%20more%20about%20Vian%20Vally%20in%20Shabad%20and%20today%27s%20investor%20pricing.
Finished! 69 links found. 68 excluded. 0 broken.

Getting links from: http://localhost:3001/shadnagar-open-plots
├───OK─── https://wa.me/919666504405?text=Hi%20Bhuwanta%2C%20I%20was%20looking%20at%20plots%20near%20Shadnagar%20-%20can%20you%20tell%20me%20about%20Vian%20Vally%20in%20Shabad%20and%20today%27s%20investor%20pricing%3F
Finished! 67 links found. 66 excluded. 0 broken.

Finished! 1829 links found. 1734 excluded. 38 broken.
Elapsed time: 44 seconds
