t=2026-06-27T19:23:22+0530 lvl=info msg="no configuration paths supplied"
t=2026-06-27T19:23:22+0530 lvl=info msg="using configuration at default config path" path="/Users/surojuhomsaisantosh/Library/Application Support/ngrok/ngrok.yml"
t=2026-06-27T19:23:22+0530 lvl=info msg="open config file" path="/Users/surojuhomsaisantosh/Library/Application Support/ngrok/ngrok.yml" err=nil
t=2026-06-27T19:23:22+0530 lvl=info msg="FIPS 140 mode" enabled=false
t=2026-06-27T19:23:22+0530 lvl=info msg="starting web service" obj=web addr=127.0.0.1:4040 allow_hosts=[]
t=2026-06-27T19:23:22+0530 lvl=info msg="client session established" obj=tunnels.session
t=2026-06-27T19:23:22+0530 lvl=info msg="tunnel session started" obj=tunnels.session
t=2026-06-27T19:23:23+0530 lvl=info msg="update available" obj=updater
t=2026-06-27T19:23:23+0530 lvl=info msg="started tunnel" obj=tunnels name=command_line addr=http://localhost:3000 url=https://palace-fiscally-skier.ngrok-free.dev
t=2026-06-27T19:24:06+0530 lvl=info msg="join connections" obj=join id=f0e9e9f0c5e0 l=[::1]:3000 r=[2a03:2880:11ff:47::]:34458
t=2026-06-27T20:03:12+0530 lvl=eror msg="heartbeat timeout, terminating session" obj=tunnels.session obj=csess id=c89f2e0f38f0 clientid=e6762680d7584beec70cc1503c6f103b
t=2026-06-27T20:03:12+0530 lvl=eror msg="session closed, starting reconnect loop" obj=tunnels.session obj=csess id=50f6470b2cc2 err="session closed"
t=2026-06-27T20:03:12+0530 lvl=info msg="client session established" obj=tunnels.session
t=2026-06-27T20:03:12+0530 lvl=info msg="tunnel session started" obj=tunnels.session
t=2026-06-27T20:23:48+0530 lvl=eror msg="session closed, starting reconnect loop" obj=tunnels.session obj=csess id=50f6470b2cc2 err="read EOF from remote peer"
t=2026-06-27T20:23:48+0530 lvl=info msg="client session established" obj=tunnels.session
t=2026-06-27T20:23:48+0530 lvl=info msg="tunnel session started" obj=tunnels.session
t=2026-06-27T20:24:13+0530 lvl=eror msg="heartbeat timeout, terminating session" obj=tunnels.session obj=csess id=d28e96b30b10 clientid=e6762680d7584beec70cc1503c6f103b
t=2026-06-27T20:26:34+0530 lvl=eror msg="heartbeat timeout, terminating session" obj=tunnels.session obj=csess id=91e341407e7c clientid=e6762680d7584beec70cc1503c6f103b
t=2026-06-27T20:26:34+0530 lvl=eror msg="session closed, starting reconnect loop" obj=tunnels.session obj=csess id=50f6470b2cc2 err="session closed"
t=2026-06-27T20:26:35+0530 lvl=info msg="client session established" obj=tunnels.session
t=2026-06-27T20:26:35+0530 lvl=info msg="tunnel session started" obj=tunnels.session
t=2026-06-27T20:32:33+0530 lvl=eror msg="heartbeat timeout, terminating session" obj=tunnels.session obj=csess id=e6cc6a810456 clientid=e6762680d7584beec70cc1503c6f103b
t=2026-06-27T20:32:33+0530 lvl=eror msg="session closed, starting reconnect loop" obj=tunnels.session obj=csess id=50f6470b2cc2 err="session closed"
t=2026-06-27T20:32:33+0530 lvl=eror msg="failed to reconnect session" obj=tunnels.session err="failed to dial ngrok server with address \"connect.ngrok-agent.com:443\": dial tcp: lookup connect.ngrok-agent.com: no such host"
t=2026-06-27T20:32:34+0530 lvl=eror msg="failed to reconnect session" obj=tunnels.session err="failed to dial ngrok server with address \"connect.ngrok-agent.com:443\": dial tcp: lookup connect.ngrok-agent.com: no such host"
t=2026-06-27T20:32:35+0530 lvl=eror msg="failed to reconnect session" obj=tunnels.session err="failed to dial ngrok server with address \"connect.ngrok-agent.com:443\": dial tcp: lookup connect.ngrok-agent.com: no such host"
t=2026-06-27T20:32:37+0530 lvl=eror msg="failed to reconnect session" obj=tunnels.session err="failed to dial ngrok server with address \"connect.ngrok-agent.com:443\": dial tcp: lookup connect.ngrok-agent.com: no such host"
t=2026-06-27T20:32:41+0530 lvl=eror msg="failed to reconnect session" obj=tunnels.session err="failed to dial ngrok server with address \"connect.ngrok-agent.com:443\": dial tcp: lookup connect.ngrok-agent.com: no such host"
t=2026-06-27T20:32:49+0530 lvl=eror msg="failed to reconnect session" obj=tunnels.session err="failed to dial ngrok server with address \"connect.ngrok-agent.com:443\": dial tcp: lookup connect.ngrok-agent.com: no such host"
t=2026-06-27T21:35:51+0530 lvl=eror msg="failed to reconnect session" obj=tunnels.session err="failed to dial ngrok server with address \"connect.ngrok-agent.com:443\": dial tcp: lookup connect.ngrok-agent.com: no such host"
t=2026-06-27T21:36:21+0530 lvl=eror msg="failed to reconnect session" obj=tunnels.session err="failed to dial ngrok server with address \"connect.ngrok-agent.com:443\": dial tcp: lookup connect.ngrok-agent.com: no such host"
t=2026-06-27T22:24:05+0530 lvl=eror msg="failed to reconnect session" obj=tunnels.session err="failed to dial ngrok server with address \"connect.ngrok-agent.com:443\": dial tcp: lookup connect.ngrok-agent.com: no such host"
t=2026-06-27T22:24:35+0530 lvl=eror msg="failed to reconnect session" obj=tunnels.session err="failed to dial ngrok server with address \"connect.ngrok-agent.com:443\": dial tcp: lookup connect.ngrok-agent.com: no such host"
t=2026-06-27T23:05:14+0530 lvl=info msg="client session established" obj=tunnels.session
t=2026-06-27T23:05:14+0530 lvl=info msg="tunnel session started" obj=tunnels.session
t=2026-06-27T23:20:54+0530 lvl=eror msg="session closed, starting reconnect loop" obj=tunnels.session obj=csess id=50f6470b2cc2 err="read tcp [2405:201:c030:10f5:2d91:1567:de25:3fd0]:57957->[2406:da1a:e91:9301:f1a3:66ed:d097:b95c]:443: read: connection reset by peer"
t=2026-06-27T23:20:55+0530 lvl=info msg="client session established" obj=tunnels.session
t=2026-06-27T23:20:55+0530 lvl=info msg="tunnel session started" obj=tunnels.session
t=2026-06-27T23:21:09+0530 lvl=eror msg="heartbeat timeout, terminating session" obj=tunnels.session obj=csess id=b3151efb8a37 clientid=e6762680d7584beec70cc1503c6f103b
t=2026-06-27T23:25:19+0530 lvl=eror msg="heartbeat timeout, terminating session" obj=tunnels.session obj=csess id=ee36618498d9 clientid=e6762680d7584beec70cc1503c6f103b
t=2026-06-27T23:25:19+0530 lvl=eror msg="session closed, starting reconnect loop" obj=tunnels.session obj=csess id=50f6470b2cc2 err="session closed"
t=2026-06-27T23:25:20+0530 lvl=info msg="client session established" obj=tunnels.session
t=2026-06-27T23:25:20+0530 lvl=info msg="tunnel session started" obj=tunnels.session
t=2026-06-27T23:40:50+0530 lvl=eror msg="session closed, starting reconnect loop" obj=tunnels.session obj=csess id=50f6470b2cc2 err="read tcp [2405:201:c030:10f5:2d91:1567:de25:3fd0]:58062->[2406:da1a:e91:9302:5f2c:118e:bcf2:c8bb]:443: read: connection reset by peer"
t=2026-06-27T23:40:50+0530 lvl=info msg="client session established" obj=tunnels.session
t=2026-06-27T23:40:50+0530 lvl=info msg="tunnel session started" obj=tunnels.session
t=2026-06-27T23:41:05+0530 lvl=eror msg="heartbeat timeout, terminating session" obj=tunnels.session obj=csess id=a581ba0f01c7 clientid=e6762680d7584beec70cc1503c6f103b
t=2026-06-27T23:56:31+0530 lvl=eror msg="session closed, starting reconnect loop" obj=tunnels.session obj=csess id=50f6470b2cc2 err="read tcp 192.168.29.231:58082->3.108.208.206:443: read: connection reset by peer"
t=2026-06-27T23:56:31+0530 lvl=info msg="client session established" obj=tunnels.session
t=2026-06-27T23:56:31+0530 lvl=info msg="tunnel session started" obj=tunnels.session
t=2026-06-27T23:56:46+0530 lvl=eror msg="heartbeat timeout, terminating session" obj=tunnels.session obj=csess id=493facb48a03 clientid=e6762680d7584beec70cc1503c6f103b
t=2026-06-28T00:07:41+0530 lvl=eror msg="session closed, starting reconnect loop" obj=tunnels.session obj=csess id=50f6470b2cc2 err="read tcp [2405:201:c030:10f5:2d91:1567:de25:3fd0]:58128->[2406:da1a:e91:9300:403a:a280:b69a:91cf]:443: read: connection reset by peer"
t=2026-06-28T00:07:41+0530 lvl=info msg="client session established" obj=tunnels.session
t=2026-06-28T00:07:41+0530 lvl=info msg="tunnel session started" obj=tunnels.session
t=2026-06-28T00:07:56+0530 lvl=eror msg="heartbeat timeout, terminating session" obj=tunnels.session obj=csess id=35635f84dcbf clientid=e6762680d7584beec70cc1503c6f103b
t=2026-06-28T00:23:22+0530 lvl=eror msg="session closed, starting reconnect loop" obj=tunnels.session obj=csess id=50f6470b2cc2 err="read tcp [2405:201:c030:10f5:2d91:1567:de25:3fd0]:58189->[2406:da1a:e91:9300:403a:a280:b69a:91cf]:443: read: connection reset by peer"
t=2026-06-28T00:23:23+0530 lvl=info msg="client session established" obj=tunnels.session
t=2026-06-28T00:23:23+0530 lvl=info msg="tunnel session started" obj=tunnels.session
t=2026-06-28T00:23:37+0530 lvl=eror msg="heartbeat timeout, terminating session" obj=tunnels.session obj=csess id=f4e5f53350d4 clientid=e6762680d7584beec70cc1503c6f103b
t=2026-06-28T00:26:15+0530 lvl=eror msg="session closed, starting reconnect loop" obj=tunnels.session obj=csess id=50f6470b2cc2 err="read EOF from remote peer"
t=2026-06-28T00:26:16+0530 lvl=info msg="client session established" obj=tunnels.session
t=2026-06-28T00:26:16+0530 lvl=info msg="tunnel session started" obj=tunnels.session
t=2026-06-28T00:26:20+0530 lvl=eror msg="heartbeat timeout, terminating session" obj=tunnels.session obj=csess id=e055ec8dbed8 clientid=e6762680d7584beec70cc1503c6f103b
t=2026-06-28T00:41:46+0530 lvl=eror msg="session closed, starting reconnect loop" obj=tunnels.session obj=csess id=50f6470b2cc2 err="read tcp [2405:201:c030:10f5:2d91:1567:de25:3fd0]:58268->[2406:da1a:e91:9302:5f2c:118e:bcf2:c8bb]:443: read: connection reset by peer"
t=2026-06-28T00:41:46+0530 lvl=info msg="client session established" obj=tunnels.session
t=2026-06-28T00:41:46+0530 lvl=info msg="tunnel session started" obj=tunnels.session
t=2026-06-28T00:42:01+0530 lvl=eror msg="heartbeat timeout, terminating session" obj=tunnels.session obj=csess id=cc92970a3f49 clientid=e6762680d7584beec70cc1503c6f103b
t=2026-06-28T00:57:36+0530 lvl=eror msg="session closed, starting reconnect loop" obj=tunnels.session obj=csess id=50f6470b2cc2 err="read tcp [2405:201:c030:10f5:2d91:1567:de25:3fd0]:58287->[2406:da1a:e91:9300:403a:a280:b69a:91cf]:443: read: connection reset by peer"
t=2026-06-28T00:57:36+0530 lvl=info msg="client session established" obj=tunnels.session
t=2026-06-28T00:57:36+0530 lvl=info msg="tunnel session started" obj=tunnels.session
t=2026-06-28T00:57:51+0530 lvl=eror msg="heartbeat timeout, terminating session" obj=tunnels.session obj=csess id=eabbc34e68d1 clientid=e6762680d7584beec70cc1503c6f103b
t=2026-06-28T01:13:16+0530 lvl=eror msg="session closed, starting reconnect loop" obj=tunnels.session obj=csess id=50f6470b2cc2 err="read tcp [2405:201:c030:10f5:2d91:1567:de25:3fd0]:58337->[2406:da1a:e91:9302:5f2c:118e:bcf2:c8bb]:443: read: connection reset by peer"
t=2026-06-28T01:13:16+0530 lvl=info msg="client session established" obj=tunnels.session
t=2026-06-28T01:13:16+0530 lvl=info msg="tunnel session started" obj=tunnels.session
t=2026-06-28T01:13:31+0530 lvl=eror msg="heartbeat timeout, terminating session" obj=tunnels.session obj=csess id=0741b1a7cc00 clientid=e6762680d7584beec70cc1503c6f103b
t=2026-06-28T01:27:04+0530 lvl=eror msg="session closed, starting reconnect loop" obj=tunnels.session obj=csess id=50f6470b2cc2 err="read tcp [2405:201:c030:10f5:2d91:1567:de25:3fd0]:58365->[2406:da1a:e91:9300:d4f4:8948:9d02:5408]:443: read: connection reset by peer"
t=2026-06-28T01:27:05+0530 lvl=info msg="client session established" obj=tunnels.session
t=2026-06-28T01:27:05+0530 lvl=info msg="tunnel session started" obj=tunnels.session
t=2026-06-28T01:27:19+0530 lvl=eror msg="heartbeat timeout, terminating session" obj=tunnels.session obj=csess id=409f7c75c0a3 clientid=e6762680d7584beec70cc1503c6f103b
t=2026-06-28T01:42:55+0530 lvl=eror msg="session closed, starting reconnect loop" obj=tunnels.session obj=csess id=50f6470b2cc2 err="read tcp [2405:201:c030:10f5:2d91:1567:de25:3fd0]:58427->[2406:da1a:e91:9302:5f2c:118e:bcf2:c8bb]:443: read: connection reset by peer"
t=2026-06-28T01:42:56+0530 lvl=info msg="client session established" obj=tunnels.session
t=2026-06-28T01:42:56+0530 lvl=info msg="tunnel session started" obj=tunnels.session
t=2026-06-28T01:43:10+0530 lvl=eror msg="heartbeat timeout, terminating session" obj=tunnels.session obj=csess id=6cb87ca1c413 clientid=e6762680d7584beec70cc1503c6f103b
t=2026-06-28T01:58:36+0530 lvl=eror msg="session closed, starting reconnect loop" obj=tunnels.session obj=csess id=50f6470b2cc2 err="read tcp [2405:201:c030:10f5:2d91:1567:de25:3fd0]:58481->[2406:da1a:e91:9300:d4f4:8948:9d02:5408]:443: read: connection reset by peer"
t=2026-06-28T01:58:36+0530 lvl=info msg="client session established" obj=tunnels.session
t=2026-06-28T01:58:36+0530 lvl=info msg="tunnel session started" obj=tunnels.session
t=2026-06-28T01:58:51+0530 lvl=eror msg="heartbeat timeout, terminating session" obj=tunnels.session obj=csess id=7270ff60615b clientid=e6762680d7584beec70cc1503c6f103b
t=2026-06-28T02:14:17+0530 lvl=eror msg="session closed, starting reconnect loop" obj=tunnels.session obj=csess id=50f6470b2cc2 err="read tcp [2405:201:c030:10f5:2d91:1567:de25:3fd0]:58532->[2406:da1a:e91:9302:5f2c:118e:bcf2:c8bb]:443: read: connection reset by peer"
t=2026-06-28T02:14:17+0530 lvl=info msg="client session established" obj=tunnels.session
t=2026-06-28T02:14:17+0530 lvl=info msg="tunnel session started" obj=tunnels.session
t=2026-06-28T02:14:31+0530 lvl=eror msg="heartbeat timeout, terminating session" obj=tunnels.session obj=csess id=55994a1d7906 clientid=e6762680d7584beec70cc1503c6f103b
t=2026-06-28T02:30:07+0530 lvl=eror msg="session closed, starting reconnect loop" obj=tunnels.session obj=csess id=50f6470b2cc2 err="read tcp [2405:201:c030:10f5:2d91:1567:de25:3fd0]:58551->[2406:da1a:e91:9301:f1a3:66ed:d097:b95c]:443: read: connection reset by peer"
t=2026-06-28T02:30:07+0530 lvl=info msg="client session established" obj=tunnels.session
t=2026-06-28T02:30:07+0530 lvl=info msg="tunnel session started" obj=tunnels.session
t=2026-06-28T02:30:22+0530 lvl=eror msg="heartbeat timeout, terminating session" obj=tunnels.session obj=csess id=eff8a8fc99f3 clientid=e6762680d7584beec70cc1503c6f103b
t=2026-06-28T02:45:47+0530 lvl=eror msg="session closed, starting reconnect loop" obj=tunnels.session obj=csess id=50f6470b2cc2 err="read tcp [2405:201:c030:10f5:2d91:1567:de25:3fd0]:58629->[2406:da1a:e91:9301:f1a3:66ed:d097:b95c]:443: read: connection reset by peer"
t=2026-06-28T02:45:48+0530 lvl=info msg="client session established" obj=tunnels.session
t=2026-06-28T02:45:48+0530 lvl=info msg="tunnel session started" obj=tunnels.session
t=2026-06-28T02:46:02+0530 lvl=eror msg="heartbeat timeout, terminating session" obj=tunnels.session obj=csess id=99ee0415aa98 clientid=e6762680d7584beec70cc1503c6f103b
t=2026-06-28T03:01:38+0530 lvl=eror msg="session closed, starting reconnect loop" obj=tunnels.session obj=csess id=50f6470b2cc2 err="read tcp 192.168.29.231:58655->3.108.187.139:443: read: connection reset by peer"
t=2026-06-28T03:01:39+0530 lvl=info msg="client session established" obj=tunnels.session
t=2026-06-28T03:01:39+0530 lvl=info msg="tunnel session started" obj=tunnels.session
t=2026-06-28T03:01:53+0530 lvl=eror msg="heartbeat timeout, terminating session" obj=tunnels.session obj=csess id=7acaf7d7bd13 clientid=e6762680d7584beec70cc1503c6f103b
t=2026-06-28T03:17:29+0530 lvl=eror msg="session closed, starting reconnect loop" obj=tunnels.session obj=csess id=50f6470b2cc2 err="read tcp [2405:201:c030:10f5:2d91:1567:de25:3fd0]:58723->[2406:da1a:e91:9302:5f2c:118e:bcf2:c8bb]:443: read: connection reset by peer"
t=2026-06-28T03:17:29+0530 lvl=info msg="client session established" obj=tunnels.session
t=2026-06-28T03:17:29+0530 lvl=info msg="tunnel session started" obj=tunnels.session
t=2026-06-28T03:17:44+0530 lvl=eror msg="heartbeat timeout, terminating session" obj=tunnels.session obj=csess id=16fc582d7463 clientid=e6762680d7584beec70cc1503c6f103b
t=2026-06-28T03:33:10+0530 lvl=eror msg="session closed, starting reconnect loop" obj=tunnels.session obj=csess id=50f6470b2cc2 err="read tcp [2405:201:c030:10f5:2d91:1567:de25:3fd0]:58764->[2406:da1a:e91:9301:f1a3:66ed:d097:b95c]:443: read: connection reset by peer"
t=2026-06-28T03:33:11+0530 lvl=info msg="client session established" obj=tunnels.session
t=2026-06-28T03:33:11+0530 lvl=info msg="tunnel session started" obj=tunnels.session
t=2026-06-28T03:33:25+0530 lvl=eror msg="heartbeat timeout, terminating session" obj=tunnels.session obj=csess id=ca7572fd012c clientid=e6762680d7584beec70cc1503c6f103b
t=2026-06-28T03:49:01+0530 lvl=eror msg="session closed, starting reconnect loop" obj=tunnels.session obj=csess id=50f6470b2cc2 err="read tcp [2405:201:c030:10f5:2d91:1567:de25:3fd0]:58791->[2406:da1a:e91:9300:403a:a280:b69a:91cf]:443: read: connection reset by peer"
t=2026-06-28T03:49:01+0530 lvl=info msg="client session established" obj=tunnels.session
t=2026-06-28T03:49:01+0530 lvl=info msg="tunnel session started" obj=tunnels.session
t=2026-06-28T03:49:16+0530 lvl=eror msg="heartbeat timeout, terminating session" obj=tunnels.session obj=csess id=e93674d6ba68 clientid=e6762680d7584beec70cc1503c6f103b
t=2026-06-28T04:04:52+0530 lvl=eror msg="session closed, starting reconnect loop" obj=tunnels.session obj=csess id=50f6470b2cc2 err="read tcp [2405:201:c030:10f5:2d91:1567:de25:3fd0]:58868->[2406:da1a:e91:9302:6bbc:cc3d:8e60:4a99]:443: read: connection reset by peer"
t=2026-06-28T04:04:52+0530 lvl=info msg="client session established" obj=tunnels.session
t=2026-06-28T04:04:52+0530 lvl=info msg="tunnel session started" obj=tunnels.session
t=2026-06-28T04:05:07+0530 lvl=eror msg="heartbeat timeout, terminating session" obj=tunnels.session obj=csess id=7be42bad186b clientid=e6762680d7584beec70cc1503c6f103b
t=2026-06-28T04:20:33+0530 lvl=eror msg="session closed, starting reconnect loop" obj=tunnels.session obj=csess id=50f6470b2cc2 err="read tcp [2405:201:c030:10f5:2d91:1567:de25:3fd0]:58909->[2406:da1a:e91:9300:403a:a280:b69a:91cf]:443: read: connection reset by peer"
t=2026-06-28T04:20:33+0530 lvl=info msg="client session established" obj=tunnels.session
t=2026-06-28T04:20:33+0530 lvl=info msg="tunnel session started" obj=tunnels.session
t=2026-06-28T04:20:48+0530 lvl=eror msg="heartbeat timeout, terminating session" obj=tunnels.session obj=csess id=f9912be4a8ab clientid=e6762680d7584beec70cc1503c6f103b
t=2026-06-28T04:36:23+0530 lvl=eror msg="session closed, starting reconnect loop" obj=tunnels.session obj=csess id=50f6470b2cc2 err="read tcp [2405:201:c030:10f5:2d91:1567:de25:3fd0]:58933->[2406:da1a:e91:9300:d4f4:8948:9d02:5408]:443: read: connection reset by peer"
t=2026-06-28T04:36:23+0530 lvl=info msg="client session established" obj=tunnels.session
t=2026-06-28T04:36:23+0530 lvl=info msg="tunnel session started" obj=tunnels.session
t=2026-06-28T04:36:38+0530 lvl=eror msg="heartbeat timeout, terminating session" obj=tunnels.session obj=csess id=d39592f62b35 clientid=e6762680d7584beec70cc1503c6f103b
t=2026-06-28T04:52:13+0530 lvl=eror msg="session closed, starting reconnect loop" obj=tunnels.session obj=csess id=50f6470b2cc2 err="read tcp [2405:201:c030:10f5:2d91:1567:de25:3fd0]:58999->[2406:da1a:e91:9301:f1a3:66ed:d097:b95c]:443: read: connection reset by peer"
t=2026-06-28T04:52:13+0530 lvl=info msg="client session established" obj=tunnels.session
t=2026-06-28T04:52:13+0530 lvl=info msg="tunnel session started" obj=tunnels.session
t=2026-06-28T04:52:28+0530 lvl=eror msg="heartbeat timeout, terminating session" obj=tunnels.session obj=csess id=3bb2ace771a5 clientid=e6762680d7584beec70cc1503c6f103b
t=2026-06-28T05:07:53+0530 lvl=eror msg="session closed, starting reconnect loop" obj=tunnels.session obj=csess id=50f6470b2cc2 err="read tcp [2405:201:c030:10f5:2d91:1567:de25:3fd0]:59048->[2406:da1a:e91:9302:5f2c:118e:bcf2:c8bb]:443: read: connection reset by peer"
t=2026-06-28T05:07:54+0530 lvl=info msg="client session established" obj=tunnels.session
t=2026-06-28T05:07:54+0530 lvl=info msg="tunnel session started" obj=tunnels.session
t=2026-06-28T05:08:08+0530 lvl=eror msg="heartbeat timeout, terminating session" obj=tunnels.session obj=csess id=506b750a1253 clientid=e6762680d7584beec70cc1503c6f103b
t=2026-06-28T05:20:49+0530 lvl=eror msg="session closed, starting reconnect loop" obj=tunnels.session obj=csess id=50f6470b2cc2 err="read tcp [2405:201:c030:10f5:2d91:1567:de25:3fd0]:59090->[2406:da1a:e91:9302:6bbc:cc3d:8e60:4a99]:443: read: connection reset by peer"
t=2026-06-28T05:20:50+0530 lvl=info msg="client session established" obj=tunnels.session
t=2026-06-28T05:20:50+0530 lvl=info msg="tunnel session started" obj=tunnels.session
t=2026-06-28T05:21:04+0530 lvl=eror msg="heartbeat timeout, terminating session" obj=tunnels.session obj=csess id=f94b43b426bc clientid=e6762680d7584beec70cc1503c6f103b
t=2026-06-28T05:36:30+0530 lvl=eror msg="session closed, starting reconnect loop" obj=tunnels.session obj=csess id=50f6470b2cc2 err="read tcp [2405:201:c030:10f5:2d91:1567:de25:3fd0]:59143->[2406:da1a:e91:9302:5f2c:118e:bcf2:c8bb]:443: read: connection reset by peer"
t=2026-06-28T05:36:31+0530 lvl=info msg="client session established" obj=tunnels.session
t=2026-06-28T05:36:31+0530 lvl=info msg="tunnel session started" obj=tunnels.session
t=2026-06-28T05:36:45+0530 lvl=eror msg="heartbeat timeout, terminating session" obj=tunnels.session obj=csess id=fe872b66e8f8 clientid=e6762680d7584beec70cc1503c6f103b
t=2026-06-28T05:52:11+0530 lvl=eror msg="session closed, starting reconnect loop" obj=tunnels.session obj=csess id=50f6470b2cc2 err="read tcp [2405:201:c030:10f5:2d91:1567:de25:3fd0]:59180->[2406:da1a:e91:9300:403a:a280:b69a:91cf]:443: read: connection reset by peer"
t=2026-06-28T05:52:11+0530 lvl=info msg="client session established" obj=tunnels.session
t=2026-06-28T05:52:11+0530 lvl=info msg="tunnel session started" obj=tunnels.session
t=2026-06-28T05:52:26+0530 lvl=eror msg="heartbeat timeout, terminating session" obj=tunnels.session obj=csess id=e4be64c5edfd clientid=e6762680d7584beec70cc1503c6f103b
t=2026-06-28T06:01:00+0530 lvl=eror msg="session closed, starting reconnect loop" obj=tunnels.session obj=csess id=50f6470b2cc2 err="read tcp [2405:201:c030:10f5:2d91:1567:de25:3fd0]:59233->[2406:da1a:e91:9300:403a:a280:b69a:91cf]:443: read: connection reset by peer"
t=2026-06-28T06:01:01+0530 lvl=info msg="client session established" obj=tunnels.session
t=2026-06-28T06:01:01+0530 lvl=info msg="tunnel session started" obj=tunnels.session
t=2026-06-28T06:01:15+0530 lvl=eror msg="heartbeat timeout, terminating session" obj=tunnels.session obj=csess id=84c31ee0c5f8 clientid=e6762680d7584beec70cc1503c6f103b
t=2026-06-28T06:16:51+0530 lvl=eror msg="session closed, starting reconnect loop" obj=tunnels.session obj=csess id=50f6470b2cc2 err="read tcp [2405:201:c030:10f5:2d91:1567:de25:3fd0]:59257->[2406:da1a:e91:9302:5f2c:118e:bcf2:c8bb]:443: read: connection reset by peer"
t=2026-06-28T06:16:51+0530 lvl=info msg="client session established" obj=tunnels.session
t=2026-06-28T06:16:51+0530 lvl=info msg="tunnel session started" obj=tunnels.session
t=2026-06-28T06:17:06+0530 lvl=eror msg="heartbeat timeout, terminating session" obj=tunnels.session obj=csess id=1e774bb1f38c clientid=e6762680d7584beec70cc1503c6f103b
t=2026-06-28T06:32:39+0530 lvl=eror msg="session closed, starting reconnect loop" obj=tunnels.session obj=csess id=50f6470b2cc2 err="read tcp [2405:201:c030:10f5:2d91:1567:de25:3fd0]:59306->[2406:da1a:e91:9301:f1a3:66ed:d097:b95c]:443: read: connection reset by peer"
t=2026-06-28T06:32:39+0530 lvl=info msg="client session established" obj=tunnels.session
t=2026-06-28T06:32:39+0530 lvl=info msg="tunnel session started" obj=tunnels.session
t=2026-06-28T06:47:54+0530 lvl=eror msg="heartbeat timeout, terminating session" obj=tunnels.session obj=csess id=571d365f3f98 clientid=e6762680d7584beec70cc1503c6f103b
t=2026-06-28T06:47:59+0530 lvl=eror msg="session closed, starting reconnect loop" obj=tunnels.session obj=csess id=50f6470b2cc2 err="read tcp [2405:201:c030:10f5:2d91:1567:de25:3fd0]:59363->[2406:da1a:e91:9302:6bbc:cc3d:8e60:4a99]:443: read: connection reset by peer"
t=2026-06-28T06:47:59+0530 lvl=info msg="client session established" obj=tunnels.session
t=2026-06-28T06:47:59+0530 lvl=info msg="tunnel session started" obj=tunnels.session
t=2026-06-28T06:48:14+0530 lvl=eror msg="heartbeat timeout, terminating session" obj=tunnels.session obj=csess id=d92d6d05b3ac clientid=e6762680d7584beec70cc1503c6f103b
t=2026-06-28T07:03:49+0530 lvl=eror msg="session closed, starting reconnect loop" obj=tunnels.session obj=csess id=50f6470b2cc2 err="read tcp [2405:201:c030:10f5:2d91:1567:de25:3fd0]:59399->[2406:da1a:e91:9302:5f2c:118e:bcf2:c8bb]:443: read: connection reset by peer"
t=2026-06-28T07:03:49+0530 lvl=info msg="client session established" obj=tunnels.session
t=2026-06-28T07:03:49+0530 lvl=info msg="tunnel session started" obj=tunnels.session
t=2026-06-28T07:04:04+0530 lvl=eror msg="heartbeat timeout, terminating session" obj=tunnels.session obj=csess id=df3fd2f2531a clientid=e6762680d7584beec70cc1503c6f103b
t=2026-06-28T07:19:29+0530 lvl=eror msg="session closed, starting reconnect loop" obj=tunnels.session obj=csess id=50f6470b2cc2 err="read tcp [2405:201:c030:10f5:2d91:1567:de25:3fd0]:59448->[2406:da1a:e91:9300:d4f4:8948:9d02:5408]:443: read: connection reset by peer"
t=2026-06-28T07:19:30+0530 lvl=info msg="client session established" obj=tunnels.session
t=2026-06-28T07:19:30+0530 lvl=info msg="tunnel session started" obj=tunnels.session
t=2026-06-28T07:19:44+0530 lvl=eror msg="heartbeat timeout, terminating session" obj=tunnels.session obj=csess id=b856ad3475bd clientid=e6762680d7584beec70cc1503c6f103b
t=2026-06-28T07:35:20+0530 lvl=eror msg="session closed, starting reconnect loop" obj=tunnels.session obj=csess id=50f6470b2cc2 err="read tcp [2405:201:c030:10f5:2d91:1567:de25:3fd0]:59480->[2406:da1a:e91:9300:d4f4:8948:9d02:5408]:443: read: connection reset by peer"
t=2026-06-28T07:35:20+0530 lvl=info msg="client session established" obj=tunnels.session
t=2026-06-28T07:35:20+0530 lvl=info msg="tunnel session started" obj=tunnels.session
t=2026-06-28T07:35:35+0530 lvl=eror msg="heartbeat timeout, terminating session" obj=tunnels.session obj=csess id=2b027a79f590 clientid=e6762680d7584beec70cc1503c6f103b
t=2026-06-28T07:50:50+0530 lvl=eror msg="session closed, starting reconnect loop" obj=tunnels.session obj=csess id=50f6470b2cc2 err="read tcp [2405:201:c030:10f5:2d91:1567:de25:3fd0]:59561->[2406:da1a:e91:9302:5f2c:118e:bcf2:c8bb]:443: read: connection reset by peer"
t=2026-06-28T07:50:51+0530 lvl=info msg="client session established" obj=tunnels.session
t=2026-06-28T07:50:51+0530 lvl=info msg="tunnel session started" obj=tunnels.session
t=2026-06-28T07:51:05+0530 lvl=eror msg="heartbeat timeout, terminating session" obj=tunnels.session obj=csess id=d85c5686cb90 clientid=e6762680d7584beec70cc1503c6f103b
t=2026-06-28T08:02:06+0530 lvl=eror msg="session closed, starting reconnect loop" obj=tunnels.session obj=csess id=50f6470b2cc2 err="read tcp [2405:201:c030:10f5:2d91:1567:de25:3fd0]:59586->[2406:da1a:e91:9302:6bbc:cc3d:8e60:4a99]:443: read: connection reset by peer"
t=2026-06-28T08:02:07+0530 lvl=info msg="client session established" obj=tunnels.session
t=2026-06-28T08:02:07+0530 lvl=info msg="tunnel session started" obj=tunnels.session
t=2026-06-28T08:02:21+0530 lvl=eror msg="heartbeat timeout, terminating session" obj=tunnels.session obj=csess id=071ae64e8074 clientid=e6762680d7584beec70cc1503c6f103b
t=2026-06-28T08:18:08+0530 lvl=eror msg="session closed, starting reconnect loop" obj=tunnels.session obj=csess id=50f6470b2cc2 err="read tcp [2405:201:c030:10f5:2d91:1567:de25:3fd0]:59646->[2406:da1a:e91:9302:6bbc:cc3d:8e60:4a99]:443: read: connection reset by peer"
t=2026-06-28T08:18:09+0530 lvl=info msg="client session established" obj=tunnels.session
t=2026-06-28T08:18:09+0530 lvl=info msg="tunnel session started" obj=tunnels.session
t=2026-06-28T08:20:37+0530 lvl=eror msg="heartbeat timeout, terminating session" obj=tunnels.session obj=csess id=f7a331f7a140 clientid=e6762680d7584beec70cc1503c6f103b
t=2026-06-28T08:20:53+0530 lvl=eror msg="session closed, starting reconnect loop" obj=tunnels.session obj=csess id=50f6470b2cc2 err="read EOF from remote peer"
t=2026-06-28T08:20:54+0530 lvl=info msg="client session established" obj=tunnels.session
t=2026-06-28T08:20:54+0530 lvl=info msg="tunnel session started" obj=tunnels.session
t=2026-06-28T08:35:58+0530 lvl=eror msg="heartbeat timeout, terminating session" obj=tunnels.session obj=csess id=1c9f3b209019 clientid=e6762680d7584beec70cc1503c6f103b
t=2026-06-28T08:36:03+0530 lvl=eror msg="session closed, starting reconnect loop" obj=tunnels.session obj=csess id=50f6470b2cc2 err="read tcp [2405:201:c030:10f5:2d91:1567:de25:3fd0]:59708->[2406:da1a:e91:9302:6bbc:cc3d:8e60:4a99]:443: read: connection reset by peer"
t=2026-06-28T08:36:04+0530 lvl=info msg="client session established" obj=tunnels.session
t=2026-06-28T08:36:04+0530 lvl=info msg="tunnel session started" obj=tunnels.session
t=2026-06-28T08:36:18+0530 lvl=eror msg="heartbeat timeout, terminating session" obj=tunnels.session obj=csess id=56f28daf4456 clientid=e6762680d7584beec70cc1503c6f103b
t=2026-06-28T08:51:44+0530 lvl=eror msg="session closed, starting reconnect loop" obj=tunnels.session obj=csess id=50f6470b2cc2 err="read tcp [2405:201:c030:10f5:2d91:1567:de25:3fd0]:59742->[2406:da1a:e91:9301:f1a3:66ed:d097:b95c]:443: read: connection reset by peer"
t=2026-06-28T08:51:44+0530 lvl=info msg="client session established" obj=tunnels.session
t=2026-06-28T08:51:44+0530 lvl=info msg="tunnel session started" obj=tunnels.session
t=2026-06-28T08:51:59+0530 lvl=eror msg="heartbeat timeout, terminating session" obj=tunnels.session obj=csess id=d193eea9d837 clientid=e6762680d7584beec70cc1503c6f103b
t=2026-06-28T09:03:09+0530 lvl=eror msg="session closed, starting reconnect loop" obj=tunnels.session obj=csess id=50f6470b2cc2 err="read tcp [2405:201:c030:10f5:2d91:1567:de25:3fd0]:59791->[2406:da1a:e91:9302:5f2c:118e:bcf2:c8bb]:443: read: connection reset by peer"
t=2026-06-28T09:03:09+0530 lvl=info msg="client session established" obj=tunnels.session
t=2026-06-28T09:03:09+0530 lvl=info msg="tunnel session started" obj=tunnels.session
t=2026-06-28T09:03:24+0530 lvl=eror msg="heartbeat timeout, terminating session" obj=tunnels.session obj=csess id=f663d1e6ac48 clientid=e6762680d7584beec70cc1503c6f103b
t=2026-06-28T09:18:49+0530 lvl=eror msg="session closed, starting reconnect loop" obj=tunnels.session obj=csess id=50f6470b2cc2 err="read tcp [2405:201:c030:10f5:2d91:1567:de25:3fd0]:59828->[2406:da1a:e91:9302:6bbc:cc3d:8e60:4a99]:443: read: connection reset by peer"
t=2026-06-28T09:18:49+0530 lvl=info msg="client session established" obj=tunnels.session
t=2026-06-28T09:18:49+0530 lvl=info msg="tunnel session started" obj=tunnels.session
t=2026-06-28T09:19:04+0530 lvl=eror msg="heartbeat timeout, terminating session" obj=tunnels.session obj=csess id=74cc059a14d3 clientid=e6762680d7584beec70cc1503c6f103b
t=2026-06-28T09:24:42+0530 lvl=eror msg="heartbeat timeout, terminating session" obj=tunnels.session obj=csess id=bdb0e6b8e6ae clientid=e6762680d7584beec70cc1503c6f103b
t=2026-06-28T09:24:42+0530 lvl=eror msg="session closed, starting reconnect loop" obj=tunnels.session obj=csess id=50f6470b2cc2 err="session closed"
t=2026-06-28T09:24:42+0530 lvl=info msg="client session established" obj=tunnels.session
t=2026-06-28T09:24:42+0530 lvl=info msg="tunnel session started" obj=tunnels.session
t=2026-06-28T10:32:18+0530 lvl=eror msg="heartbeat timeout, terminating session" obj=tunnels.session obj=csess id=85b4f339334d clientid=e6762680d7584beec70cc1503c6f103b
t=2026-06-28T10:32:18+0530 lvl=eror msg="session closed, starting reconnect loop" obj=tunnels.session obj=csess id=50f6470b2cc2 err="session closed"
t=2026-06-28T10:32:19+0530 lvl=info msg="client session established" obj=tunnels.session
t=2026-06-28T10:32:19+0530 lvl=info msg="tunnel session started" obj=tunnels.session
t=2026-06-28T10:41:04+0530 lvl=eror msg="heartbeat timeout, terminating session" obj=tunnels.session obj=csess id=2f6a4ecda5c7 clientid=e6762680d7584beec70cc1503c6f103b
t=2026-06-28T10:41:04+0530 lvl=eror msg="session closed, starting reconnect loop" obj=tunnels.session obj=csess id=50f6470b2cc2 err="session closed"
t=2026-06-28T10:41:05+0530 lvl=info msg="client session established" obj=tunnels.session
t=2026-06-28T10:41:05+0530 lvl=info msg="tunnel session started" obj=tunnels.session
t=2026-06-28T10:43:38+0530 lvl=eror msg="heartbeat timeout, terminating session" obj=tunnels.session obj=csess id=e1539846661c clientid=e6762680d7584beec70cc1503c6f103b
t=2026-06-28T10:43:38+0530 lvl=eror msg="session closed, starting reconnect loop" obj=tunnels.session obj=csess id=50f6470b2cc2 err="session closed"
t=2026-06-28T10:43:39+0530 lvl=info msg="client session established" obj=tunnels.session
t=2026-06-28T10:43:39+0530 lvl=info msg="tunnel session started" obj=tunnels.session
t=2026-06-28T10:45:24+0530 lvl=eror msg="session closed, starting reconnect loop" obj=tunnels.session obj=csess id=50f6470b2cc2 err="read EOF from remote peer"
t=2026-06-28T10:45:25+0530 lvl=info msg="client session established" obj=tunnels.session
t=2026-06-28T10:45:25+0530 lvl=info msg="tunnel session started" obj=tunnels.session
t=2026-06-28T10:45:28+0530 lvl=eror msg="heartbeat timeout, terminating session" obj=tunnels.session obj=csess id=65f815776c0c clientid=e6762680d7584beec70cc1503c6f103b
t=2026-06-28T10:49:42+0530 lvl=eror msg="heartbeat timeout, terminating session" obj=tunnels.session obj=csess id=0fcfe7adf60b clientid=e6762680d7584beec70cc1503c6f103b
t=2026-06-28T10:49:42+0530 lvl=eror msg="session closed, starting reconnect loop" obj=tunnels.session obj=csess id=50f6470b2cc2 err="session closed"
t=2026-06-28T10:49:42+0530 lvl=info msg="client session established" obj=tunnels.session
t=2026-06-28T10:49:42+0530 lvl=info msg="tunnel session started" obj=tunnels.session
t=2026-06-28T10:51:47+0530 lvl=eror msg="heartbeat timeout, terminating session" obj=tunnels.session obj=csess id=0a6994c1b9d1 clientid=e6762680d7584beec70cc1503c6f103b
t=2026-06-28T10:51:47+0530 lvl=eror msg="session closed, starting reconnect loop" obj=tunnels.session obj=csess id=50f6470b2cc2 err="session closed"
t=2026-06-28T10:51:48+0530 lvl=info msg="client session established" obj=tunnels.session
t=2026-06-28T10:51:48+0530 lvl=info msg="tunnel session started" obj=tunnels.session
t=2026-06-28T10:55:12+0530 lvl=eror msg="heartbeat timeout, terminating session" obj=tunnels.session obj=csess id=17ed8ea6e7bf clientid=e6762680d7584beec70cc1503c6f103b
t=2026-06-28T10:55:12+0530 lvl=eror msg="session closed, starting reconnect loop" obj=tunnels.session obj=csess id=50f6470b2cc2 err="session closed"
t=2026-06-28T10:55:13+0530 lvl=info msg="client session established" obj=tunnels.session
t=2026-06-28T10:55:13+0530 lvl=info msg="tunnel session started" obj=tunnels.session
t=2026-06-28T11:05:01+0530 lvl=eror msg="session closed, starting reconnect loop" obj=tunnels.session obj=csess id=50f6470b2cc2 err="read tcp [2405:201:c030:10f5:2d91:1567:de25:3fd0]:60540->[2406:da1a:e91:9300:403a:a280:b69a:91cf]:443: read: connection reset by peer"
t=2026-06-28T11:05:02+0530 lvl=info msg="client session established" obj=tunnels.session
t=2026-06-28T11:05:02+0530 lvl=info msg="tunnel session started" obj=tunnels.session
t=2026-06-28T11:05:16+0530 lvl=eror msg="heartbeat timeout, terminating session" obj=tunnels.session obj=csess id=cfed9a8edf3c clientid=e6762680d7584beec70cc1503c6f103b
t=2026-06-28T11:08:52+0530 lvl=eror msg="heartbeat timeout, terminating session" obj=tunnels.session obj=csess id=a8c2cc82fabd clientid=e6762680d7584beec70cc1503c6f103b
t=2026-06-28T11:08:52+0530 lvl=eror msg="session closed, starting reconnect loop" obj=tunnels.session obj=csess id=50f6470b2cc2 err="session closed"
t=2026-06-28T11:08:53+0530 lvl=info msg="client session established" obj=tunnels.session
t=2026-06-28T11:08:53+0530 lvl=info msg="tunnel session started" obj=tunnels.session
t=2026-06-28T11:11:16+0530 lvl=eror msg="heartbeat timeout, terminating session" obj=tunnels.session obj=csess id=423e67bf7564 clientid=e6762680d7584beec70cc1503c6f103b
t=2026-06-28T11:11:16+0530 lvl=eror msg="session closed, starting reconnect loop" obj=tunnels.session obj=csess id=50f6470b2cc2 err="session closed"
t=2026-06-28T11:11:17+0530 lvl=info msg="client session established" obj=tunnels.session
t=2026-06-28T11:11:17+0530 lvl=info msg="tunnel session started" obj=tunnels.session
t=2026-06-28T11:16:37+0530 lvl=eror msg="heartbeat timeout, terminating session" obj=tunnels.session obj=csess id=6841c07de8c3 clientid=e6762680d7584beec70cc1503c6f103b
t=2026-06-28T11:16:37+0530 lvl=eror msg="session closed, starting reconnect loop" obj=tunnels.session obj=csess id=50f6470b2cc2 err="session closed"
t=2026-06-28T11:16:37+0530 lvl=info msg="client session established" obj=tunnels.session
t=2026-06-28T11:16:37+0530 lvl=info msg="tunnel session started" obj=tunnels.session
t=2026-06-28T11:18:18+0530 lvl=eror msg="session closed, starting reconnect loop" obj=tunnels.session obj=csess id=50f6470b2cc2 err="read EOF from remote peer"
t=2026-06-28T11:18:18+0530 lvl=info msg="client session established" obj=tunnels.session
t=2026-06-28T11:18:18+0530 lvl=info msg="tunnel session started" obj=tunnels.session
t=2026-06-28T11:18:32+0530 lvl=eror msg="heartbeat timeout, terminating session" obj=tunnels.session obj=csess id=7731a57d8b6e clientid=e6762680d7584beec70cc1503c6f103b
t=2026-06-28T11:26:37+0530 lvl=eror msg="session closed, starting reconnect loop" obj=tunnels.session obj=csess id=50f6470b2cc2 err="read tcp [2405:201:c030:10f5:2d91:1567:de25:3fd0]:60661->[2406:da1a:e91:9301:f1a3:66ed:d097:b95c]:443: read: connection reset by peer"
t=2026-06-28T11:26:38+0530 lvl=info msg="client session established" obj=tunnels.session
t=2026-06-28T11:26:38+0530 lvl=info msg="tunnel session started" obj=tunnels.session
t=2026-06-28T11:26:52+0530 lvl=eror msg="heartbeat timeout, terminating session" obj=tunnels.session obj=csess id=1f7597f0f7f9 clientid=e6762680d7584beec70cc1503c6f103b
t=2026-06-28T11:42:18+0530 lvl=eror msg="session closed, starting reconnect loop" obj=tunnels.session obj=csess id=50f6470b2cc2 err="read tcp [2405:201:c030:10f5:2d91:1567:de25:3fd0]:60680->[2406:da1a:e91:9302:5f2c:118e:bcf2:c8bb]:443: read: connection reset by peer"
t=2026-06-28T11:42:19+0530 lvl=info msg="client session established" obj=tunnels.session
t=2026-06-28T11:42:19+0530 lvl=info msg="tunnel session started" obj=tunnels.session
t=2026-06-28T11:42:33+0530 lvl=eror msg="heartbeat timeout, terminating session" obj=tunnels.session obj=csess id=e553be91fe3b clientid=e6762680d7584beec70cc1503c6f103b
t=2026-06-28T11:57:59+0530 lvl=eror msg="session closed, starting reconnect loop" obj=tunnels.session obj=csess id=50f6470b2cc2 err="read tcp [2405:201:c030:10f5:2d91:1567:de25:3fd0]:60740->[2406:da1a:e91:9300:d4f4:8948:9d02:5408]:443: read: connection reset by peer"
t=2026-06-28T11:58:00+0530 lvl=info msg="client session established" obj=tunnels.session
t=2026-06-28T11:58:00+0530 lvl=info msg="tunnel session started" obj=tunnels.session
t=2026-06-28T11:58:14+0530 lvl=eror msg="heartbeat timeout, terminating session" obj=tunnels.session obj=csess id=ab35d64174fc clientid=e6762680d7584beec70cc1503c6f103b
t=2026-06-28T12:07:00+0530 lvl=eror msg="session closed, starting reconnect loop" obj=tunnels.session obj=csess id=50f6470b2cc2 err="read tcp 192.168.29.231:60772->3.108.208.206:443: read: connection reset by peer"
t=2026-06-28T12:07:01+0530 lvl=info msg="client session established" obj=tunnels.session
t=2026-06-28T12:07:01+0530 lvl=info msg="tunnel session started" obj=tunnels.session
t=2026-06-28T12:07:15+0530 lvl=eror msg="heartbeat timeout, terminating session" obj=tunnels.session obj=csess id=bd252d19facd clientid=e6762680d7584beec70cc1503c6f103b
t=2026-06-28T12:12:33+0530 lvl=eror msg="heartbeat timeout, terminating session" obj=tunnels.session obj=csess id=1ceb70750bd3 clientid=e6762680d7584beec70cc1503c6f103b
t=2026-06-28T12:12:33+0530 lvl=eror msg="session closed, starting reconnect loop" obj=tunnels.session obj=csess id=50f6470b2cc2 err="session closed"
t=2026-06-28T12:12:33+0530 lvl=info msg="client session established" obj=tunnels.session
t=2026-06-28T12:12:33+0530 lvl=info msg="tunnel session started" obj=tunnels.session
t=2026-06-28T12:14:51+0530 lvl=eror msg="heartbeat timeout, terminating session" obj=tunnels.session obj=csess id=b27781ffbe9b clientid=e6762680d7584beec70cc1503c6f103b
t=2026-06-28T12:14:51+0530 lvl=eror msg="session closed, starting reconnect loop" obj=tunnels.session obj=csess id=50f6470b2cc2 err="session closed"
t=2026-06-28T12:14:52+0530 lvl=info msg="client session established" obj=tunnels.session
t=2026-06-28T12:14:52+0530 lvl=info msg="tunnel session started" obj=tunnels.session
t=2026-06-28T13:11:32+0530 lvl=eror msg="session closed, starting reconnect loop" obj=tunnels.session obj=csess id=50f6470b2cc2 err="read tcp [2405:201:c030:10f5:2d91:1567:de25:3fd0]:60900->[2406:da1a:e91:9300:403a:a280:b69a:91cf]:443: read: connection reset by peer"
t=2026-06-28T13:11:33+0530 lvl=info msg="client session established" obj=tunnels.session
t=2026-06-28T13:11:33+0530 lvl=info msg="tunnel session started" obj=tunnels.session
t=2026-06-28T13:11:47+0530 lvl=eror msg="heartbeat timeout, terminating session" obj=tunnels.session obj=csess id=45e07a3a0b7a clientid=e6762680d7584beec70cc1503c6f103b
t=2026-06-28T13:27:13+0530 lvl=eror msg="session closed, starting reconnect loop" obj=tunnels.session obj=csess id=50f6470b2cc2 err="read tcp [2405:201:c030:10f5:2d91:1567:de25:3fd0]:61127->[2406:da1a:e91:9302:6bbc:cc3d:8e60:4a99]:443: read: connection reset by peer"
t=2026-06-28T13:27:14+0530 lvl=info msg="client session established" obj=tunnels.session
t=2026-06-28T13:27:14+0530 lvl=info msg="tunnel session started" obj=tunnels.session
t=2026-06-28T13:27:28+0530 lvl=eror msg="heartbeat timeout, terminating session" obj=tunnels.session obj=csess id=d9ccf16e7ca6 clientid=e6762680d7584beec70cc1503c6f103b
t=2026-06-28T13:43:04+0530 lvl=eror msg="session closed, starting reconnect loop" obj=tunnels.session obj=csess id=50f6470b2cc2 err="read tcp [2405:201:c030:10f5:2d91:1567:de25:3fd0]:61156->[2406:da1a:e91:9300:d4f4:8948:9d02:5408]:443: read: connection reset by peer"
t=2026-06-28T13:43:04+0530 lvl=info msg="client session established" obj=tunnels.session
t=2026-06-28T13:43:04+0530 lvl=info msg="tunnel session started" obj=tunnels.session
t=2026-06-28T13:43:19+0530 lvl=eror msg="heartbeat timeout, terminating session" obj=tunnels.session obj=csess id=ee86945375dd clientid=e6762680d7584beec70cc1503c6f103b
t=2026-06-28T13:58:55+0530 lvl=eror msg="session closed, starting reconnect loop" obj=tunnels.session obj=csess id=50f6470b2cc2 err="read tcp [2405:201:c030:10f5:2d91:1567:de25:3fd0]:61235->[2406:da1a:e91:9300:403a:a280:b69a:91cf]:443: read: connection reset by peer"
t=2026-06-28T13:58:55+0530 lvl=info msg="client session established" obj=tunnels.session
t=2026-06-28T13:58:55+0530 lvl=info msg="tunnel session started" obj=tunnels.session
t=2026-06-28T13:59:10+0530 lvl=eror msg="heartbeat timeout, terminating session" obj=tunnels.session obj=csess id=5d9ce5d26a36 clientid=e6762680d7584beec70cc1503c6f103b
t=2026-06-28T14:02:25+0530 lvl=eror msg="heartbeat timeout, terminating session" obj=tunnels.session obj=csess id=a9a659c47bef clientid=e6762680d7584beec70cc1503c6f103b
t=2026-06-28T14:02:25+0530 lvl=eror msg="session closed, starting reconnect loop" obj=tunnels.session obj=csess id=50f6470b2cc2 err="session closed"
t=2026-06-28T14:02:25+0530 lvl=eror msg="failed to reconnect session" obj=tunnels.session err="failed to dial ngrok server with address \"connect.ngrok-agent.com:443\": dial tcp: lookup connect.ngrok-agent.com: no such host"
t=2026-06-28T14:02:26+0530 lvl=eror msg="failed to reconnect session" obj=tunnels.session err="failed to dial ngrok server with address \"connect.ngrok-agent.com:443\": dial tcp: lookup connect.ngrok-agent.com: no such host"
t=2026-06-28T14:02:27+0530 lvl=eror msg="failed to reconnect session" obj=tunnels.session err="failed to dial ngrok server with address \"connect.ngrok-agent.com:443\": dial tcp: lookup connect.ngrok-agent.com: no such host"
t=2026-06-28T14:02:29+0530 lvl=eror msg="failed to reconnect session" obj=tunnels.session err="failed to dial ngrok server with address \"connect.ngrok-agent.com:443\": dial tcp: lookup connect.ngrok-agent.com: no such host"
t=2026-06-28T14:02:33+0530 lvl=eror msg="failed to reconnect session" obj=tunnels.session err="failed to dial ngrok server with address \"connect.ngrok-agent.com:443\": dial tcp: lookup connect.ngrok-agent.com: no such host"
t=2026-06-28T14:02:41+0530 lvl=eror msg="failed to reconnect session" obj=tunnels.session err="failed to dial ngrok server with address \"connect.ngrok-agent.com:443\": dial tcp: lookup connect.ngrok-agent.com: no such host"
t=2026-06-28T14:18:17+0530 lvl=eror msg="failed to reconnect session" obj=tunnels.session err="failed to dial ngrok server with address \"connect.ngrok-agent.com:443\": dial tcp: lookup connect.ngrok-agent.com: no such host"
t=2026-06-28T14:31:21+0530 lvl=info msg="client session established" obj=tunnels.session
t=2026-06-28T14:31:21+0530 lvl=info msg="tunnel session started" obj=tunnels.session
t=2026-06-28T14:36:26+0530 lvl=eror msg="heartbeat timeout, terminating session" obj=tunnels.session obj=csess id=6b8bf9699f70 clientid=e6762680d7584beec70cc1503c6f103b
t=2026-06-28T14:36:26+0530 lvl=eror msg="session closed, starting reconnect loop" obj=tunnels.session obj=csess id=50f6470b2cc2 err="session closed"
t=2026-06-28T14:36:27+0530 lvl=info msg="client session established" obj=tunnels.session
t=2026-06-28T14:36:27+0530 lvl=info msg="tunnel session started" obj=tunnels.session
t=2026-06-28T14:52:46+0530 lvl=eror msg="session closed, starting reconnect loop" obj=tunnels.session obj=csess id=50f6470b2cc2 err="read tcp 192.168.1.9:61381->13.233.205.122:443: read: connection reset by peer"
t=2026-06-28T14:52:47+0530 lvl=info msg="client session established" obj=tunnels.session
t=2026-06-28T14:52:47+0530 lvl=info msg="tunnel session started" obj=tunnels.session
t=2026-06-28T14:53:01+0530 lvl=eror msg="heartbeat timeout, terminating session" obj=tunnels.session obj=csess id=25504c0d4183 clientid=e6762680d7584beec70cc1503c6f103b
t=2026-06-28T15:25:43+0530 lvl=eror msg="heartbeat timeout, terminating session" obj=tunnels.session obj=csess id=b4a0f1814c90 clientid=e6762680d7584beec70cc1503c6f103b
t=2026-06-28T15:25:43+0530 lvl=eror msg="session closed, starting reconnect loop" obj=tunnels.session obj=csess id=50f6470b2cc2 err="session closed"
t=2026-06-28T15:25:43+0530 lvl=info msg="client session established" obj=tunnels.session
t=2026-06-28T15:25:43+0530 lvl=info msg="tunnel session started" obj=tunnels.session
t=2026-06-28T15:58:26+0530 lvl=eror msg="session closed, starting reconnect loop" obj=tunnels.session obj=csess id=50f6470b2cc2 err="read tcp 192.168.1.9:61698->3.108.187.139:443: read: connection reset by peer"
t=2026-06-28T15:58:26+0530 lvl=info msg="client session established" obj=tunnels.session
t=2026-06-28T15:58:26+0530 lvl=info msg="tunnel session started" obj=tunnels.session
t=2026-06-28T15:58:43+0530 lvl=eror msg="heartbeat timeout, terminating session" obj=tunnels.session obj=csess id=df4bd106d030 clientid=e6762680d7584beec70cc1503c6f103b
t=2026-06-28T16:06:38+0530 lvl=eror msg="session closed, starting reconnect loop" obj=tunnels.session obj=csess id=50f6470b2cc2 err="read tcp 192.168.1.9:61822->3.108.208.206:443: read: connection reset by peer"
t=2026-06-28T16:06:39+0530 lvl=info msg="client session established" obj=tunnels.session
t=2026-06-28T16:06:39+0530 lvl=info msg="tunnel session started" obj=tunnels.session
t=2026-06-28T16:06:53+0530 lvl=eror msg="heartbeat timeout, terminating session" obj=tunnels.session obj=csess id=715b02219674 clientid=e6762680d7584beec70cc1503c6f103b
t=2026-06-28T16:09:00+0530 lvl=eror msg="heartbeat timeout, terminating session" obj=tunnels.session obj=csess id=19b8debd0852 clientid=e6762680d7584beec70cc1503c6f103b
t=2026-06-28T16:09:00+0530 lvl=eror msg="session closed, starting reconnect loop" obj=tunnels.session obj=csess id=50f6470b2cc2 err="session closed"
t=2026-06-28T16:09:01+0530 lvl=info msg="client session established" obj=tunnels.session
t=2026-06-28T16:09:01+0530 lvl=info msg="tunnel session started" obj=tunnels.session
t=2026-06-28T17:33:44+0530 lvl=info msg="update available" obj=updater
t=2026-06-28T17:54:34+0530 lvl=eror msg="session closed, starting reconnect loop" obj=tunnels.session obj=csess id=50f6470b2cc2 err="read EOF from remote peer"
t=2026-06-28T17:54:35+0530 lvl=info msg="client session established" obj=tunnels.session
t=2026-06-28T17:54:35+0530 lvl=info msg="tunnel session started" obj=tunnels.session
t=2026-06-28T17:54:46+0530 lvl=eror msg="heartbeat timeout, terminating session" obj=tunnels.session obj=csess id=08fcbe36ae67 clientid=e6762680d7584beec70cc1503c6f103b
t=2026-06-28T18:03:17+0530 lvl=eror msg="session closed, starting reconnect loop" obj=tunnels.session obj=csess id=50f6470b2cc2 err="read tcp 192.168.1.9:62378->3.108.166.207:443: read: connection reset by peer"
t=2026-06-28T18:03:18+0530 lvl=info msg="client session established" obj=tunnels.session
t=2026-06-28T18:03:18+0530 lvl=info msg="tunnel session started" obj=tunnels.session
t=2026-06-28T18:03:32+0530 lvl=eror msg="heartbeat timeout, terminating session" obj=tunnels.session obj=csess id=232f85e47e3d clientid=e6762680d7584beec70cc1503c6f103b
t=2026-06-28T18:05:53+0530 lvl=eror msg="heartbeat timeout, terminating session" obj=tunnels.session obj=csess id=711984b0b903 clientid=e6762680d7584beec70cc1503c6f103b
t=2026-06-28T18:05:53+0530 lvl=eror msg="session closed, starting reconnect loop" obj=tunnels.session obj=csess id=50f6470b2cc2 err="session closed"
t=2026-06-28T18:05:54+0530 lvl=info msg="client session established" obj=tunnels.session
t=2026-06-28T18:05:54+0530 lvl=info msg="tunnel session started" obj=tunnels.session
t=2026-06-28T18:08:20+0530 lvl=eror msg="heartbeat timeout, terminating session" obj=tunnels.session obj=csess id=5d84c54923e1 clientid=e6762680d7584beec70cc1503c6f103b
t=2026-06-28T18:08:20+0530 lvl=eror msg="session closed, starting reconnect loop" obj=tunnels.session obj=csess id=50f6470b2cc2 err="session closed"
t=2026-06-28T18:08:21+0530 lvl=info msg="client session established" obj=tunnels.session
t=2026-06-28T18:08:21+0530 lvl=info msg="tunnel session started" obj=tunnels.session
t=2026-06-28T18:10:57+0530 lvl=eror msg="heartbeat timeout, terminating session" obj=tunnels.session obj=csess id=6e5a85c76832 clientid=e6762680d7584beec70cc1503c6f103b
t=2026-06-28T18:10:57+0530 lvl=eror msg="session closed, starting reconnect loop" obj=tunnels.session obj=csess id=50f6470b2cc2 err="session closed"
t=2026-06-28T18:10:58+0530 lvl=info msg="client session established" obj=tunnels.session
t=2026-06-28T18:10:58+0530 lvl=info msg="tunnel session started" obj=tunnels.session
t=2026-06-28T18:13:12+0530 lvl=eror msg="heartbeat timeout, terminating session" obj=tunnels.session obj=csess id=ac59255f5250 clientid=e6762680d7584beec70cc1503c6f103b
t=2026-06-28T18:13:12+0530 lvl=eror msg="session closed, starting reconnect loop" obj=tunnels.session obj=csess id=50f6470b2cc2 err="session closed"
t=2026-06-28T18:13:13+0530 lvl=info msg="client session established" obj=tunnels.session
t=2026-06-28T18:13:13+0530 lvl=info msg="tunnel session started" obj=tunnels.session
t=2026-06-28T18:24:13+0530 lvl=eror msg="session closed, starting reconnect loop" obj=tunnels.session obj=csess id=50f6470b2cc2 err="read tcp 192.168.1.9:62479->13.127.105.236:443: read: connection reset by peer"
t=2026-06-28T18:24:14+0530 lvl=info msg="client session established" obj=tunnels.session
t=2026-06-28T18:24:14+0530 lvl=info msg="tunnel session started" obj=tunnels.session
t=2026-06-28T18:24:28+0530 lvl=eror msg="heartbeat timeout, terminating session" obj=tunnels.session obj=csess id=6327d77d2db6 clientid=e6762680d7584beec70cc1503c6f103b
t=2026-06-28T18:26:02+0530 lvl=eror msg="session closed, starting reconnect loop" obj=tunnels.session obj=csess id=50f6470b2cc2 err="read EOF from remote peer"
t=2026-06-28T18:26:02+0530 lvl=info msg="client session established" obj=tunnels.session
t=2026-06-28T18:26:02+0530 lvl=info msg="tunnel session started" obj=tunnels.session
t=2026-06-28T18:26:18+0530 lvl=eror msg="heartbeat timeout, terminating session" obj=tunnels.session obj=csess id=40b68a6afb34 clientid=e6762680d7584beec70cc1503c6f103b
t=2026-06-28T18:26:29+0530 lvl=info msg="received stop request" obj=app stopReq="{err:<nil> restart:false}"
t=2026-06-28T18:26:29+0530 lvl=info msg="session closing" obj=tunnels.session err=nil
t=2026-06-28T18:26:29+0530 lvl=info msg="accept failed" obj=tunnels.session obj=csess id=50f6470b2cc2 err="reconnecting session closed"
t=2026-06-28T18:26:29+0530 lvl=info msg="no more state changes" obj=tunnels.session
t=2026-06-28T18:26:29+0530 lvl=info msg="failed to accept connection: Listener closed" obj=tunnels.session clientid=8bc0db8ab342a138332c6d803f3b857e
t=2026-06-28T18:26:29+0530 lvl=warn msg="Stopping forwarder" name=command_line acceptErr="failed to accept connection: Listener closed"
